<?xml version="1.0" encoding="UTF-8"?>
<testng-results skipped="0" failed="0" ignored="0" total="1" passed="1">
  <reporter-output>
  </reporter-output>
  <suite name="Suite" duration-ms="7588" started-at="2022-10-24T00:33:17 IST" finished-at="2022-10-24T00:33:24 IST">
    <groups>
    </groups>
    <test name="Test" duration-ms="7588" started-at="2022-10-24T00:33:17 IST" finished-at="2022-10-24T00:33:24 IST">
      <class name="ecom_Pack.Day1">
        <test-method status="PASS" signature="setUp()[pri:0, instance:ecom_Pack.Day1@13c27452]" name="setUp" is-config="true" duration-ms="5101" started-at="2022-10-24T00:33:17 IST" finished-at="2022-10-24T00:33:22 IST">
          <reporter-output>
          </reporter-output>
        </test-method> <!-- setUp -->
        <test-method status="PASS" signature="verify()[pri:0, instance:ecom_Pack.Day1@13c27452]" name="verify" duration-ms="2295" started-at="2022-10-24T00:33:22 IST" finished-at="2022-10-24T00:33:24 IST">
          <reporter-output>
          </reporter-output>
        </test-method> <!-- verify -->
        <test-method status="PASS" signature="tearDown()[pri:0, instance:ecom_Pack.Day1@13c27452]" name="tearDown" is-config="true" duration-ms="158" started-at="2022-10-24T00:33:24 IST" finished-at="2022-10-24T00:33:24 IST">
          <reporter-output>
          </reporter-output>
        </test-method> <!-- tearDown -->
      </class> <!-- ecom_Pack.Day1 -->
    </test> <!-- Test -->
  </suite> <!-- Suite -->
</testng-results>
